<?xml version="1.0" encoding="UTF-8"?>
<coverage generated="1527007768359" clover="3.2.0">
  <project timestamp="1527007768359" name="All files">
    <metrics statements="43" coveredstatements="30" conditionals="2" coveredconditionals="2" methods="13" coveredmethods="8" elements="58" coveredelements="40" complexity="0" loc="43" ncloc="43" packages="2" files="6" classes="6">
      <package name="client">
        <metrics statements="10" coveredstatements="10" conditionals="0" coveredconditionals="0" methods="2" coveredmethods="2"/>
        <file name="App.scss" path="/Users/linus/Documents/web_projects/retail-demo/src/client/App.scss">
          <metrics statements="0" coveredstatements="0" conditionals="0" coveredconditionals="0" methods="0" coveredmethods="0"/>
        </file>
        <file name="App.tsx" path="/Users/linus/Documents/web_projects/retail-demo/src/client/App.tsx">
          <metrics statements="10" coveredstatements="10" conditionals="0" coveredconditionals="0" methods="2" coveredmethods="2"/>
          <line num="1" count="1" type="stmt"/>
          <line num="2" count="1" type="stmt"/>
          <line num="3" count="1" type="stmt"/>
          <line num="5" count="1" type="stmt"/>
          <line num="7" count="1" type="stmt"/>
          <line num="10" count="1" type="stmt"/>
          <line num="16" count="1" type="stmt"/>
          <line num="20" count="1" type="stmt"/>
          <line num="25" count="1" type="stmt"/>
          <line num="37" count="1" type="stmt"/>
        </file>
      </package>
      <package name="client.components">
        <metrics statements="33" coveredstatements="20" conditionals="2" coveredconditionals="2" methods="11" coveredmethods="6"/>
        <file name="Product.scss" path="/Users/linus/Documents/web_projects/retail-demo/src/client/components/Product.scss">
          <metrics statements="0" coveredstatements="0" conditionals="0" coveredconditionals="0" methods="0" coveredmethods="0"/>
        </file>
        <file name="Product.tsx" path="/Users/linus/Documents/web_projects/retail-demo/src/client/components/Product.tsx">
          <metrics statements="7" coveredstatements="7" conditionals="0" coveredconditionals="0" methods="2" coveredmethods="2"/>
          <line num="1" count="2" type="stmt"/>
          <line num="2" count="2" type="stmt"/>
          <line num="16" count="2" type="stmt"/>
          <line num="18" count="2" type="stmt"/>
          <line num="19" count="1" type="stmt"/>
          <line num="20" count="1" type="stmt"/>
          <line num="33" count="2" type="stmt"/>
        </file>
        <file name="ProductList.scss" path="/Users/linus/Documents/web_projects/retail-demo/src/client/components/ProductList.scss">
          <metrics statements="0" coveredstatements="0" conditionals="0" coveredconditionals="0" methods="0" coveredmethods="0"/>
        </file>
        <file name="ProductList.tsx" path="/Users/linus/Documents/web_projects/retail-demo/src/client/components/ProductList.tsx">
          <metrics statements="26" coveredstatements="13" conditionals="2" coveredconditionals="2" methods="9" coveredmethods="4"/>
          <line num="1" count="1" type="stmt"/>
          <line num="2" count="1" type="stmt"/>
          <line num="3" count="1" type="stmt"/>
          <line num="4" count="1" type="stmt"/>
          <line num="19" count="1" type="stmt"/>
          <line num="21" count="1" type="cond" truecount="2" falsecount="0"/>
          <line num="22" count="1" type="stmt"/>
          <line num="28" count="1" type="stmt"/>
          <line num="30" count="1" type="stmt"/>
          <line num="31" count="0" type="stmt"/>
          <line num="32" count="0" type="stmt"/>
          <line num="36" count="0" type="stmt"/>
          <line num="37" count="0" type="stmt"/>
          <line num="38" count="0" type="stmt"/>
          <line num="43" count="0" type="stmt"/>
          <line num="47" count="1" type="stmt"/>
          <line num="48" count="0" type="stmt"/>
          <line num="49" count="0" type="stmt"/>
          <line num="50" count="0" type="stmt"/>
          <line num="51" count="0" type="stmt"/>
          <line num="53" count="0" type="stmt"/>
          <line num="56" count="1" type="stmt"/>
          <line num="57" count="1" type="stmt"/>
          <line num="64" count="0" type="stmt"/>
          <line num="69" count="0" type="stmt"/>
          <line num="78" count="1" type="stmt"/>
        </file>
      </package>
    </metrics>
  </project>
</coverage>
