{"/Users/linus/Documents/web_projects/retail-demo/src/client/App.scss": {"path":"/Users/linus/Documents/web_projects/retail-demo/src/client/App.scss","statementMap":{},"fnMap":{},"branchMap":{},"s":{},"f":{},"b":{},"_coverageSchema":"332fd63041d2c1bcb487cc26dd0d5f7d97098a6c","hash":"f2c5aebb4730a2afb6b5b2b44db98b68e4207b3c"}
,"/Users/linus/Documents/web_projects/retail-demo/src/client/App.tsx": {"path":"/Users/linus/Documents/web_projects/retail-demo/src/client/App.tsx","statementMap":{"0":{"start":{"line":1,"column":0},"end":{"line":1,"column":30}},"1":{"start":{"line":2,"column":0},"end":{"line":2,"column":53}},"2":{"start":{"line":3,"column":0},"end":{"line":3,"column":20}},"3":{"start":{"line":5,"column":0},"end":{"line":5,"column":40}},"4":{"start":{"line":5,"column":25},"end":{"line":5,"column":40}},"5":{"start":{"line":7,"column":4},"end":{"line":35,"column":5}},"6":{"start":{"line":10,"column":16},"end":{"line":12,"column":25}},"7":{"start":{"line":16,"column":12},"end":{"line":16,"column":26}},"8":{"start":{"line":20,"column":16},"end":{"line":22,"column":25}},"9":{"start":{"line":25,"column":8},"end":{"line":34,"column":10}},"10":{"start":{"line":37,"column":0},"end":{"line":37,"column":1}},"11":{"start":{"line":5,"column":13},"end":{"line":5,"column":16}}},"fnMap":{"0":{"name":"(anonymous_5)","decl":{"start":{"line":5,"column":0},"end":{"line":null,"column":-1}},"loc":{"start":{"line":5,"column":0},"end":{"line":5,"column":-1}}},"1":{"name":"(anonymous_7)","decl":{"start":{"line":7,"column":4},"end":{"line":null,"column":-1}},"loc":{"start":{"line":7,"column":4},"end":{"line":35,"column":5}}}},"branchMap":{},"s":{"0":1,"1":1,"2":1,"3":1,"4":1,"5":1,"6":1,"7":1,"8":1,"9":1,"10":1,"11":1},"f":{"0":2,"1":1},"b":{}}
,"/Users/linus/Documents/web_projects/retail-demo/src/client/components/Product.scss": {"path":"/Users/linus/Documents/web_projects/retail-demo/src/client/components/Product.scss","statementMap":{},"fnMap":{},"branchMap":{},"s":{},"f":{},"b":{},"_coverageSchema":"332fd63041d2c1bcb487cc26dd0d5f7d97098a6c","hash":"1f7f77bb0041edd0f619db8fe725d5ee8c1e5c97"}
,"/Users/linus/Documents/web_projects/retail-demo/src/client/components/Product.tsx": {"path":"/Users/linus/Documents/web_projects/retail-demo/src/client/components/Product.tsx","statementMap":{"0":{"start":{"line":1,"column":0},"end":{"line":1,"column":30}},"1":{"start":{"line":2,"column":0},"end":{"line":2,"column":24}},"2":{"start":{"line":16,"column":0},"end":{"line":16,"column":44}},"3":{"start":{"line":16,"column":29},"end":{"line":16,"column":61}},"4":{"start":{"line":18,"column":2},"end":{"line":32,"column":5}},"5":{"start":{"line":19,"column":21},"end":{"line":19,"column":57}},"6":{"start":{"line":20,"column":4},"end":{"line":31,"column":8}},"7":{"start":{"line":33,"column":2},"end":{"line":33,"column":3}},"8":{"start":{"line":16,"column":13},"end":{"line":16,"column":20}}},"fnMap":{"0":{"name":"(anonymous_5)","decl":{"start":{"line":16,"column":0},"end":{"line":null,"column":-1}},"loc":{"start":{"line":16,"column":0},"end":{"line":16,"column":-1}}},"1":{"name":"(anonymous_7)","decl":{"start":{"line":18,"column":2},"end":{"line":null,"column":-1}},"loc":{"start":{"line":18,"column":2},"end":{"line":32,"column":5}}}},"branchMap":{},"s":{"0":2,"1":2,"2":2,"3":2,"4":2,"5":1,"6":1,"7":2,"8":2},"f":{"0":3,"1":1},"b":{}}
,"/Users/linus/Documents/web_projects/retail-demo/src/client/components/ProductList.scss": {"path":"/Users/linus/Documents/web_projects/retail-demo/src/client/components/ProductList.scss","statementMap":{},"fnMap":{},"branchMap":{},"s":{},"f":{},"b":{},"_coverageSchema":"332fd63041d2c1bcb487cc26dd0d5f7d97098a6c","hash":"953517f4b5d5d420d70cd4f966756ae61c56e8c5"}
,"/Users/linus/Documents/web_projects/retail-demo/src/client/components/ProductList.tsx": {"path":"/Users/linus/Documents/web_projects/retail-demo/src/client/components/ProductList.tsx","statementMap":{"0":{"start":{"line":1,"column":0},"end":{"line":1,"column":30}},"1":{"start":{"line":2,"column":0},"end":{"line":2,"column":27}},"2":{"start":{"line":3,"column":0},"end":{"line":3,"column":28}},"3":{"start":{"line":4,"column":0},"end":{"line":4,"column":35}},"4":{"start":{"line":19,"column":0},"end":{"line":19,"column":48}},"5":{"start":{"line":19,"column":33},"end":{"line":19,"column":65}},"6":{"start":{"line":21,"column":4},"end":{"line":21,"column":16}},"7":{"start":{"line":22,"column":4},"end":{"line":25,"column":6}},"8":{"start":{"line":28,"column":8},"end":{"line":45,"column":3}},"9":{"start":{"line":30,"column":8},"end":{"line":30,"column":93}},"10":{"start":{"line":31,"column":4},"end":{"line":33,"column":7}},"11":{"start":{"line":32,"column":8},"end":{"line":32,"column":17}},"12":{"start":{"line":36,"column":21},"end":{"line":36,"column":49}},"13":{"start":{"line":36,"column":10},"end":{"line":36,"column":49}},"14":{"start":{"line":37,"column":29},"end":{"line":37,"column":50}},"15":{"start":{"line":37,"column":10},"end":{"line":37,"column":50}},"16":{"start":{"line":38,"column":4},"end":{"line":41,"column":7}},"17":{"start":{"line":43,"column":6},"end":{"line":43,"column":25}},"18":{"start":{"line":47,"column":2},"end":{"line":54,"column":3}},"19":{"start":{"line":48,"column":22},"end":{"line":48,"column":52}},"20":{"start":{"line":49,"column":19},"end":{"line":49,"column":41}},"21":{"start":{"line":50,"column":4},"end":{"line":52,"column":7}},"22":{"start":{"line":51,"column":4},"end":{"line":51,"column":59}},"23":{"start":{"line":53,"column":4},"end":{"line":53,"column":44}},"24":{"start":{"line":56,"column":2},"end":{"line":77,"column":5}},"25":{"start":{"line":56,"column":2},"end":{"line":77,"column":4}},"26":{"start":{"line":57,"column":4},"end":{"line":76,"column":8}},"27":{"start":{"line":64,"column":33},"end":{"line":64,"column":55}},"28":{"start":{"line":69,"column":67},"end":{"line":73,"column":13}},"29":{"start":{"line":78,"column":2},"end":{"line":78,"column":3}},"30":{"start":{"line":19,"column":13},"end":{"line":19,"column":24}}},"fnMap":{"0":{"name":"(anonymous_17)","decl":{"start":{"line":19,"column":0},"end":{"line":null,"column":-1}},"loc":{"start":{"line":19,"column":0},"end":{"line":19,"column":-1}}},"1":{"name":"ProductList","decl":{"start":{"line":20,"column":2},"end":{"line":20,"column":13}},"loc":{"start":{"line":20,"column":24},"end":{"line":26,"column":3}}},"2":{"name":"(anonymous_19)","decl":{"start":{"line":28,"column":2},"end":{"line":null,"column":-1}},"loc":{"start":{"line":28,"column":2},"end":{"line":45,"column":3}}},"3":{"name":"(anonymous_22)","decl":{"start":{"line":31,"column":23},"end":{"line":31,"column":31}},"loc":{"start":{"line":31,"column":39},"end":{"line":33,"column":5}}},"4":{"name":"(anonymous_23)","decl":{"start":{"line":47,"column":2},"end":{"line":47,"column":14}},"loc":{"start":{"line":47,"column":55},"end":{"line":54,"column":3}}},"5":{"name":"(anonymous_24)","decl":{"start":{"line":50,"column":34},"end":{"line":50,"column":34}},"loc":{"start":{"line":50,"column":39},"end":{"line":52,"column":5}}},"6":{"name":"(anonymous_25)","decl":{"start":{"line":56,"column":2},"end":{"line":null,"column":-1}},"loc":{"start":{"line":56,"column":2},"end":{"line":77,"column":5}}},"7":{"name":"(anonymous_26)","decl":{"start":{"line":64,"column":24},"end":{"line":64,"column":24}},"loc":{"start":{"line":64,"column":28},"end":{"line":64,"column":55}}},"8":{"name":"(anonymous_27)","decl":{"start":{"line":69,"column":41},"end":{"line":69,"column":41}},"loc":{"start":{"line":69,"column":62},"end":{"line":73,"column":13}}}},"branchMap":{"0":{"loc":{"start":{"line":21,"column":4},"end":{"line":21,"column":16}},"type":"binary-expr","locations":[{"start":{"line":21,"column":4},"end":{"line":21,"column":16}},{"start":{"line":21,"column":16},"end":{"line":26,"column":2}}]}},"s":{"0":1,"1":1,"2":1,"3":1,"4":1,"5":1,"6":1,"7":1,"8":1,"9":1,"10":0,"11":0,"12":0,"13":0,"14":0,"15":0,"16":0,"17":0,"18":1,"19":0,"20":0,"21":0,"22":0,"23":0,"24":1,"25":1,"26":1,"27":0,"28":0,"29":1,"30":1},"f":{"0":1,"1":1,"2":1,"3":0,"4":0,"5":0,"6":1,"7":0,"8":0},"b":{"0":[1,1]}}
}
