{"/Users/linus/Documents/web_projects/retail-demo/src/foo.ts": {"path":"/Users/linus/Documents/web_projects/retail-demo/src/foo.ts","statementMap":{"0":{"start":{"line":1,"column":13},"end":{"line":3,"column":39}},"1":{"start":{"line":2,"column":3},"end":{"line":2,"column":16}},"2":{"start":{"line":2,"column":3},"end":{"line":2,"column":17}},"3":{"start":{"line":3,"column":2},"end":{"line":3,"column":38}},"4":{"start":{"line":3,"column":25},"end":{"line":3,"column":34}}},"fnMap":{"0":{"name":"(anonymous_0)","decl":{"start":{"line":2,"column":2},"end":{"line":null,"column":-1}},"loc":{"start":{"line":2,"column":2},"end":{"line":3,"column":38}}},"1":{"name":"(anonymous_1)","decl":{"start":{"line":3,"column":11},"end":{"line":3,"column":11}},"loc":{"start":{"line":3,"column":20},"end":{"line":3,"column":34}}}},"branchMap":{},"s":{"0":1,"1":2,"2":1,"3":2,"4":1},"f":{"0":2,"1":1},"b":{}}
}
