TN:
SF:/Users/linus/Documents/web_projects/retail-demo/src/client/App.scss
FNF:0
FNH:0
LF:0
LH:0
BRF:0
BRH:0
end_of_record
TN:
SF:/Users/linus/Documents/web_projects/retail-demo/src/client/App.tsx
FN:5,(anonymous_5)
FN:7,(anonymous_7)
FNF:2
FNH:2
FNDA:2,(anonymous_5)
FNDA:1,(anonymous_7)
DA:1,1
DA:2,1
DA:3,1
DA:5,1
DA:7,1
DA:10,1
DA:16,1
DA:20,1
DA:25,1
DA:37,1
LF:10
LH:10
BRF:0
BRH:0
end_of_record
TN:
SF:/Users/linus/Documents/web_projects/retail-demo/src/client/components/Product.scss
FNF:0
FNH:0
LF:0
LH:0
BRF:0
BRH:0
end_of_record
TN:
SF:/Users/linus/Documents/web_projects/retail-demo/src/client/components/Product.tsx
FN:16,(anonymous_5)
FN:18,(anonymous_7)
FNF:2
FNH:2
FNDA:3,(anonymous_5)
FNDA:1,(anonymous_7)
DA:1,2
DA:2,2
DA:16,2
DA:18,2
DA:19,1
DA:20,1
DA:33,2
LF:7
LH:7
BRF:0
BRH:0
end_of_record
TN:
SF:/Users/linus/Documents/web_projects/retail-demo/src/client/components/ProductList.scss
FNF:0
FNH:0
LF:0
LH:0
BRF:0
BRH:0
end_of_record
TN:
SF:/Users/linus/Documents/web_projects/retail-demo/src/client/components/ProductList.tsx
FN:19,(anonymous_17)
FN:20,ProductList
FN:28,(anonymous_19)
FN:31,(anonymous_22)
FN:47,(anonymous_23)
FN:50,(anonymous_24)
FN:56,(anonymous_25)
FN:64,(anonymous_26)
FN:69,(anonymous_27)
FNF:9
FNH:4
FNDA:1,(anonymous_17)
FNDA:1,ProductList
FNDA:1,(anonymous_19)
FNDA:0,(anonymous_22)
FNDA:0,(anonymous_23)
FNDA:0,(anonymous_24)
FNDA:1,(anonymous_25)
FNDA:0,(anonymous_26)
FNDA:0,(anonymous_27)
DA:1,1
DA:2,1
DA:3,1
DA:4,1
DA:19,1
DA:21,1
DA:22,1
DA:28,1
DA:30,1
DA:31,0
DA:32,0
DA:36,0
DA:37,0
DA:38,0
DA:43,0
DA:47,1
DA:48,0
DA:49,0
DA:50,0
DA:51,0
DA:53,0
DA:56,1
DA:57,1
DA:64,0
DA:69,0
DA:78,1
LF:26
LH:13
BRDA:21,0,0,1
BRDA:21,0,1,1
BRF:2
BRH:2
end_of_record
